<?xml version="1.0" encoding="UTF-8"?>
<testng-results skipped="0" failed="0" ignored="0" total="1" passed="1">
  <reporter-output>
  </reporter-output>
  <suite name="Default suite" duration-ms="31809" started-at="2023-10-17T09:09:16 IST" finished-at="2023-10-17T09:09:48 IST">
    <groups>
    </groups>
    <test name="Default test" duration-ms="31809" started-at="2023-10-17T09:09:16 IST" finished-at="2023-10-17T09:09:48 IST">
      <class name="autoit.c1">
        <test-method status="PASS" signature="a1()[pri:0, instance:autoit.c1@528931cf]" name="a1" duration-ms="31744" started-at="2023-10-17T09:09:16 IST" finished-at="2023-10-17T09:09:48 IST">
          <reporter-output>
          </reporter-output>
        </test-method> <!-- a1 -->
      </class> <!-- autoit.c1 -->
    </test> <!-- Default test -->
  </suite> <!-- Default suite -->
</testng-results>
